Info: Starting: Create block symbol file (.bsf)
Info: qsys-generate C:\Users\ylee903\CS303-Lab1\nios2_system.qsys --block-symbol-file --output-directory=C:\Users\ylee903\CS303-Lab1\nios2_system --family="Cyclone IV E" --part=EP4CE115F29C7
Progress: Loading CS303-Lab1/nios2_system.qsys
Progress: Reading input file
Progress: Adding clk_0 [clock_source 18.1]
Progress: Parameterizing module clk_0
Progress: Adding cpu [altera_nios2_gen2 18.1]
Progress: Parameterizing module cpu
Progress: Adding jtag_uart [altera_avalon_jtag_uart 18.1]
Progress: Parameterizing module jtag_uart
Progress: Adding keys [altera_avalon_pio 18.1]
Progress: Parameterizing module keys
Progress: Adding lcd [altera_avalon_lcd_16207 18.1]
Progress: Parameterizing module lcd
Progress: Adding leds_green [altera_avalon_pio 18.1]
Progress: Parameterizing module leds_green
Progress: Adding leds_red [altera_avalon_pio 18.1]
Progress: Parameterizing module leds_red
Progress: Adding onchip_mem [altera_avalon_onchip_memory2 18.1]
Progress: Parameterizing module onchip_mem
Progress: Adding sdram [altera_avalon_new_sdram_controller 18.1]
Progress: Parameterizing module sdram
Progress: Adding sdram_pll [altera_up_avalon_sys_sdram_pll 18.0]
Progress: Parameterizing module sdram_pll
Progress: Adding switches [altera_avalon_pio 18.1]
Progress: Parameterizing module switches
Progress: Adding timer_0 [altera_avalon_timer 18.1]
Progress: Parameterizing module timer_0
Progress: Adding timer_1 [altera_avalon_timer 18.1]
Progress: Parameterizing module timer_1
Progress: Adding uart [altera_avalon_uart 18.1]
Progress: Parameterizing module uart
Progress: Building connections
Progress: Parameterizing connections
Progress: Validating
Progress: Done reading input file
Info: nios2_system.jtag_uart: JTAG UART IP input clock need to be at least double (2x) the operating frequency of JTAG TCK on board
Info: nios2_system.keys: PIO inputs are not hardwired in test bench. Undefined values will be read from PIO inputs during simulation.
Info: nios2_system.lcd: Altera Avalon LCD 16207 will only be supported in Quartus Prime Standard Edition in the future release.
Info: nios2_system.sdram: SDRAM Controller will only be supported in Quartus Prime Standard Edition in the future release.
Info: nios2_system.sdram_pll: Refclk Freq: 50.0
Info: nios2_system.switches: PIO inputs are not hardwired in test bench. Undefined values will be read from PIO inputs during simulation.
Info: qsys-generate succeeded.
Info: Finished: Create block symbol file (.bsf)
Info: 
Info: Starting: Create HDL design files for synthesis
Info: qsys-generate C:\Users\ylee903\CS303-Lab1\nios2_system.qsys --synthesis=VERILOG --output-directory=C:\Users\ylee903\CS303-Lab1\nios2_system\synthesis --family="Cyclone IV E" --part=EP4CE115F29C7
Progress: Loading CS303-Lab1/nios2_system.qsys
Progress: Reading input file
Progress: Adding clk_0 [clock_source 18.1]
Progress: Parameterizing module clk_0
Progress: Adding cpu [altera_nios2_gen2 18.1]
Progress: Parameterizing module cpu
Progress: Adding jtag_uart [altera_avalon_jtag_uart 18.1]
Progress: Parameterizing module jtag_uart
Progress: Adding keys [altera_avalon_pio 18.1]
Progress: Parameterizing module keys
Progress: Adding lcd [altera_avalon_lcd_16207 18.1]
Progress: Parameterizing module lcd
Progress: Adding leds_green [altera_avalon_pio 18.1]
Progress: Parameterizing module leds_green
Progress: Adding leds_red [altera_avalon_pio 18.1]
Progress: Parameterizing module leds_red
Progress: Adding onchip_mem [altera_avalon_onchip_memory2 18.1]
Progress: Parameterizing module onchip_mem
Progress: Adding sdram [altera_avalon_new_sdram_controller 18.1]
Progress: Parameterizing module sdram
Progress: Adding sdram_pll [altera_up_avalon_sys_sdram_pll 18.0]
Progress: Parameterizing module sdram_pll
Progress: Adding switches [altera_avalon_pio 18.1]
Progress: Parameterizing module switches
Progress: Adding timer_0 [altera_avalon_timer 18.1]
Progress: Parameterizing module timer_0
Progress: Adding timer_1 [altera_avalon_timer 18.1]
Progress: Parameterizing module timer_1
Progress: Adding uart [altera_avalon_uart 18.1]
Progress: Parameterizing module uart
Progress: Building connections
Progress: Parameterizing connections
Progress: Validating
Progress: Done reading input file
Info: nios2_system.jtag_uart: JTAG UART IP input clock need to be at least double (2x) the operating frequency of JTAG TCK on board
Info: nios2_system.keys: PIO inputs are not hardwired in test bench. Undefined values will be read from PIO inputs during simulation.
Info: nios2_system.lcd: Altera Avalon LCD 16207 will only be supported in Quartus Prime Standard Edition in the future release.
Info: nios2_system.sdram: SDRAM Controller will only be supported in Quartus Prime Standard Edition in the future release.
Info: nios2_system.sdram_pll: Refclk Freq: 50.0
Info: nios2_system.switches: PIO inputs are not hardwired in test bench. Undefined values will be read from PIO inputs during simulation.
Info: nios2_system: Generating nios2_system "nios2_system" for QUARTUS_SYNTH
Warning: nios2_system: "No matching role found for uart:s1:endofpacket (endofpacket)"
Info: cpu: "nios2_system" instantiated altera_nios2_gen2 "cpu"
Info: jtag_uart: Starting RTL generation for module 'nios2_system_jtag_uart'
Info: jtag_uart:   Generation command is [exec C:/intelfpga/18.1/quartus/bin64/perl/bin/perl.exe -I C:/intelfpga/18.1/quartus/bin64/perl/lib -I C:/intelfpga/18.1/quartus/sopc_builder/bin/europa -I C:/intelfpga/18.1/quartus/sopc_builder/bin/perl_lib -I C:/intelfpga/18.1/quartus/sopc_builder/bin -I C:/intelfpga/18.1/quartus/../ip/altera/sopc_builder_ip/common -I C:/intelfpga/18.1/quartus/../ip/altera/sopc_builder_ip/altera_avalon_jtag_uart -- C:/intelfpga/18.1/quartus/../ip/altera/sopc_builder_ip/altera_avalon_jtag_uart/generate_rtl.pl --name=nios2_system_jtag_uart --dir=C:/Users/ylee903/AppData/Local/Temp/alt0305_3869621867154192689.dir/0002_jtag_uart_gen/ --quartus_dir=C:/intelfpga/18.1/quartus --verilog --config=C:/Users/ylee903/AppData/Local/Temp/alt0305_3869621867154192689.dir/0002_jtag_uart_gen//nios2_system_jtag_uart_component_configuration.pl  --do_build_sim=0  ]
Info: jtag_uart: Done RTL generation for module 'nios2_system_jtag_uart'
Info: jtag_uart: "nios2_system" instantiated altera_avalon_jtag_uart "jtag_uart"
Info: keys: Starting RTL generation for module 'nios2_system_keys'
Info: keys:   Generation command is [exec C:/intelfpga/18.1/quartus/bin64/perl/bin/perl.exe -I C:/intelfpga/18.1/quartus/bin64/perl/lib -I C:/intelfpga/18.1/quartus/sopc_builder/bin/europa -I C:/intelfpga/18.1/quartus/sopc_builder/bin/perl_lib -I C:/intelfpga/18.1/quartus/sopc_builder/bin -I C:/intelfpga/18.1/quartus/../ip/altera/sopc_builder_ip/common -I C:/intelfpga/18.1/quartus/../ip/altera/sopc_builder_ip/altera_avalon_pio -- C:/intelfpga/18.1/quartus/../ip/altera/sopc_builder_ip/altera_avalon_pio/generate_rtl.pl --name=nios2_system_keys --dir=C:/Users/ylee903/AppData/Local/Temp/alt0305_3869621867154192689.dir/0003_keys_gen/ --quartus_dir=C:/intelfpga/18.1/quartus --verilog --config=C:/Users/ylee903/AppData/Local/Temp/alt0305_3869621867154192689.dir/0003_keys_gen//nios2_system_keys_component_configuration.pl  --do_build_sim=0  ]
Info: keys: Done RTL generation for module 'nios2_system_keys'
Info: keys: "nios2_system" instantiated altera_avalon_pio "keys"
Info: lcd: Starting RTL generation for module 'nios2_system_lcd'
Info: lcd:   Generation command is [exec C:/intelfpga/18.1/quartus/bin64/perl/bin/perl.exe -I C:/intelfpga/18.1/quartus/bin64/perl/lib -I C:/intelfpga/18.1/quartus/sopc_builder/bin/europa -I C:/intelfpga/18.1/quartus/sopc_builder/bin/perl_lib -I C:/intelfpga/18.1/quartus/sopc_builder/bin -I C:/intelfpga/18.1/quartus/../ip/altera/sopc_builder_ip/common -I C:/intelfpga/18.1/quartus/../ip/altera/sopc_builder_ip/altera_avalon_lcd_16207 -- C:/intelfpga/18.1/quartus/../ip/altera/sopc_builder_ip/altera_avalon_lcd_16207/generate_rtl.pl --name=nios2_system_lcd --dir=C:/Users/ylee903/AppData/Local/Temp/alt0305_3869621867154192689.dir/0004_lcd_gen/ --quartus_dir=C:/intelfpga/18.1/quartus --verilog --config=C:/Users/ylee903/AppData/Local/Temp/alt0305_3869621867154192689.dir/0004_lcd_gen//nios2_system_lcd_component_configuration.pl  --do_build_sim=0  ]
Info: lcd: Done RTL generation for module 'nios2_system_lcd'
Info: lcd: "nios2_system" instantiated altera_avalon_lcd_16207 "lcd"
Info: leds_green: Starting RTL generation for module 'nios2_system_leds_green'
Info: leds_green:   Generation command is [exec C:/intelfpga/18.1/quartus/bin64/perl/bin/perl.exe -I C:/intelfpga/18.1/quartus/bin64/perl/lib -I C:/intelfpga/18.1/quartus/sopc_builder/bin/europa -I C:/intelfpga/18.1/quartus/sopc_builder/bin/perl_lib -I C:/intelfpga/18.1/quartus/sopc_builder/bin -I C:/intelfpga/18.1/quartus/../ip/altera/sopc_builder_ip/common -I C:/intelfpga/18.1/quartus/../ip/altera/sopc_builder_ip/altera_avalon_pio -- C:/intelfpga/18.1/quartus/../ip/altera/sopc_builder_ip/altera_avalon_pio/generate_rtl.pl --name=nios2_system_leds_green --dir=C:/Users/ylee903/AppData/Local/Temp/alt0305_3869621867154192689.dir/0005_leds_green_gen/ --quartus_dir=C:/intelfpga/18.1/quartus --verilog --config=C:/Users/ylee903/AppData/Local/Temp/alt0305_3869621867154192689.dir/0005_leds_green_gen//nios2_system_leds_green_component_configuration.pl  --do_build_sim=0  ]
Info: leds_green: Done RTL generation for module 'nios2_system_leds_green'
Info: leds_green: "nios2_system" instantiated altera_avalon_pio "leds_green"
Info: leds_red: Starting RTL generation for module 'nios2_system_leds_red'
Info: leds_red:   Generation command is [exec C:/intelfpga/18.1/quartus/bin64/perl/bin/perl.exe -I C:/intelfpga/18.1/quartus/bin64/perl/lib -I C:/intelfpga/18.1/quartus/sopc_builder/bin/europa -I C:/intelfpga/18.1/quartus/sopc_builder/bin/perl_lib -I C:/intelfpga/18.1/quartus/sopc_builder/bin -I C:/intelfpga/18.1/quartus/../ip/altera/sopc_builder_ip/common -I C:/intelfpga/18.1/quartus/../ip/altera/sopc_builder_ip/altera_avalon_pio -- C:/intelfpga/18.1/quartus/../ip/altera/sopc_builder_ip/altera_avalon_pio/generate_rtl.pl --name=nios2_system_leds_red --dir=C:/Users/ylee903/AppData/Local/Temp/alt0305_3869621867154192689.dir/0006_leds_red_gen/ --quartus_dir=C:/intelfpga/18.1/quartus --verilog --config=C:/Users/ylee903/AppData/Local/Temp/alt0305_3869621867154192689.dir/0006_leds_red_gen//nios2_system_leds_red_component_configuration.pl  --do_build_sim=0  ]
Info: leds_red: Done RTL generation for module 'nios2_system_leds_red'
Info: leds_red: "nios2_system" instantiated altera_avalon_pio "leds_red"
Info: onchip_mem: Starting RTL generation for module 'nios2_system_onchip_mem'
Info: onchip_mem:   Generation command is [exec C:/intelfpga/18.1/quartus/bin64/perl/bin/perl.exe -I C:/intelfpga/18.1/quartus/bin64/perl/lib -I C:/intelfpga/18.1/quartus/sopc_builder/bin/europa -I C:/intelfpga/18.1/quartus/sopc_builder/bin/perl_lib -I C:/intelfpga/18.1/quartus/sopc_builder/bin -I C:/intelfpga/18.1/quartus/../ip/altera/sopc_builder_ip/common -I C:/intelfpga/18.1/quartus/../ip/altera/sopc_builder_ip/altera_avalon_onchip_memory2 -- C:/intelfpga/18.1/quartus/../ip/altera/sopc_builder_ip/altera_avalon_onchip_memory2/generate_rtl.pl --name=nios2_system_onchip_mem --dir=C:/Users/ylee903/AppData/Local/Temp/alt0305_3869621867154192689.dir/0007_onchip_mem_gen/ --quartus_dir=C:/intelfpga/18.1/quartus --verilog --config=C:/Users/ylee903/AppData/Local/Temp/alt0305_3869621867154192689.dir/0007_onchip_mem_gen//nios2_system_onchip_mem_component_configuration.pl  --do_build_sim=0  ]
Info: onchip_mem: Done RTL generation for module 'nios2_system_onchip_mem'
Info: onchip_mem: "nios2_system" instantiated altera_avalon_onchip_memory2 "onchip_mem"
Info: sdram: Starting RTL generation for module 'nios2_system_sdram'
Info: sdram:   Generation command is [exec C:/intelfpga/18.1/quartus/bin64/perl/bin/perl.exe -I C:/intelfpga/18.1/quartus/bin64/perl/lib -I C:/intelfpga/18.1/quartus/sopc_builder/bin/europa -I C:/intelfpga/18.1/quartus/sopc_builder/bin/perl_lib -I C:/intelfpga/18.1/quartus/sopc_builder/bin -I C:/intelfpga/18.1/quartus/../ip/altera/sopc_builder_ip/common -I C:/intelfpga/18.1/quartus/../ip/altera/sopc_builder_ip/altera_avalon_new_sdram_controller -- C:/intelfpga/18.1/quartus/../ip/altera/sopc_builder_ip/altera_avalon_new_sdram_controller/generate_rtl.pl --name=nios2_system_sdram --dir=C:/Users/ylee903/AppData/Local/Temp/alt0305_3869621867154192689.dir/0008_sdram_gen/ --quartus_dir=C:/intelfpga/18.1/quartus --verilog --config=C:/Users/ylee903/AppData/Local/Temp/alt0305_3869621867154192689.dir/0008_sdram_gen//nios2_system_sdram_component_configuration.pl  --do_build_sim=0  ]
Info: sdram: Done RTL generation for module 'nios2_system_sdram'
Info: sdram: "nios2_system" instantiated altera_avalon_new_sdram_controller "sdram"
Info: sdram_pll: "nios2_system" instantiated altera_up_avalon_sys_sdram_pll "sdram_pll"
Info: switches: Starting RTL generation for module 'nios2_system_switches'
Info: switches:   Generation command is [exec C:/intelfpga/18.1/quartus/bin64/perl/bin/perl.exe -I C:/intelfpga/18.1/quartus/bin64/perl/lib -I C:/intelfpga/18.1/quartus/sopc_builder/bin/europa -I C:/intelfpga/18.1/quartus/sopc_builder/bin/perl_lib -I C:/intelfpga/18.1/quartus/sopc_builder/bin -I C:/intelfpga/18.1/quartus/../ip/altera/sopc_builder_ip/common -I C:/intelfpga/18.1/quartus/../ip/altera/sopc_builder_ip/altera_avalon_pio -- C:/intelfpga/18.1/quartus/../ip/altera/sopc_builder_ip/altera_avalon_pio/generate_rtl.pl --name=nios2_system_switches --dir=C:/Users/ylee903/AppData/Local/Temp/alt0305_3869621867154192689.dir/0009_switches_gen/ --quartus_dir=C:/intelfpga/18.1/quartus --verilog --config=C:/Users/ylee903/AppData/Local/Temp/alt0305_3869621867154192689.dir/0009_switches_gen//nios2_system_switches_component_configuration.pl  --do_build_sim=0  ]
Info: switches: Done RTL generation for module 'nios2_system_switches'
Info: switches: "nios2_system" instantiated altera_avalon_pio "switches"
Info: timer_0: Starting RTL generation for module 'nios2_system_timer_0'
Info: timer_0:   Generation command is [exec C:/intelFPGA/18.1/quartus/bin64//perl/bin/perl.exe -I C:/intelFPGA/18.1/quartus/bin64//perl/lib -I C:/intelfpga/18.1/quartus/sopc_builder/bin/europa -I C:/intelfpga/18.1/quartus/sopc_builder/bin/perl_lib -I C:/intelfpga/18.1/quartus/sopc_builder/bin -I C:/intelfpga/18.1/quartus/../ip/altera/sopc_builder_ip/common -I C:/intelfpga/18.1/quartus/../ip/altera/sopc_builder_ip/altera_avalon_timer -- C:/intelfpga/18.1/quartus/../ip/altera/sopc_builder_ip/altera_avalon_timer/generate_rtl.pl --name=nios2_system_timer_0 --dir=C:/Users/ylee903/AppData/Local/Temp/alt0305_3869621867154192689.dir/0010_timer_0_gen/ --quartus_dir=C:/intelfpga/18.1/quartus --verilog --config=C:/Users/ylee903/AppData/Local/Temp/alt0305_3869621867154192689.dir/0010_timer_0_gen//nios2_system_timer_0_component_configuration.pl  --do_build_sim=0  ]
Info: timer_0: Done RTL generation for module 'nios2_system_timer_0'
Info: timer_0: "nios2_system" instantiated altera_avalon_timer "timer_0"
Info: uart: Starting RTL generation for module 'nios2_system_uart'
Info: uart:   Generation command is [exec C:/intelfpga/18.1/quartus/bin64/perl/bin/perl.exe -I C:/intelfpga/18.1/quartus/bin64/perl/lib -I C:/intelfpga/18.1/quartus/sopc_builder/bin/europa -I C:/intelfpga/18.1/quartus/sopc_builder/bin/perl_lib -I C:/intelfpga/18.1/quartus/sopc_builder/bin -I C:/intelfpga/18.1/quartus/../ip/altera/sopc_builder_ip/common -I C:/intelfpga/18.1/quartus/../ip/altera/sopc_builder_ip/altera_avalon_uart -- C:/intelfpga/18.1/quartus/../ip/altera/sopc_builder_ip/altera_avalon_uart/generate_rtl.pl --name=nios2_system_uart --dir=C:/Users/ylee903/AppData/Local/Temp/alt0305_3869621867154192689.dir/0011_uart_gen/ --quartus_dir=C:/intelfpga/18.1/quartus --verilog --config=C:/Users/ylee903/AppData/Local/Temp/alt0305_3869621867154192689.dir/0011_uart_gen//nios2_system_uart_component_configuration.pl  --do_build_sim=0  ]
Info: uart: Done RTL generation for module 'nios2_system_uart'
Info: uart: "nios2_system" instantiated altera_avalon_uart "uart"
Info: avalon_st_adapter: Inserting error_adapter: error_adapter_0
Info: avalon_st_adapter_001: Inserting error_adapter: error_adapter_0
Info: avalon_st_adapter_002: Inserting error_adapter: error_adapter_0
Info: avalon_st_adapter_003: Inserting error_adapter: error_adapter_0
Info: avalon_st_adapter_004: Inserting error_adapter: error_adapter_0
Info: avalon_st_adapter_005: Inserting error_adapter: error_adapter_0
Info: avalon_st_adapter_006: Inserting error_adapter: error_adapter_0
Info: avalon_st_adapter_007: Inserting error_adapter: error_adapter_0
Info: avalon_st_adapter_008: Inserting error_adapter: error_adapter_0
Info: avalon_st_adapter_009: Inserting error_adapter: error_adapter_0
Info: avalon_st_adapter_010: Inserting error_adapter: error_adapter_0
Info: avalon_st_adapter_011: Inserting error_adapter: error_adapter_0
Info: mm_interconnect_0: "nios2_system" instantiated altera_mm_interconnect "mm_interconnect_0"
Info: irq_mapper: "nios2_system" instantiated altera_irq_mapper "irq_mapper"
Info: rst_controller: "nios2_system" instantiated altera_reset_controller "rst_controller"
Info: cpu: Starting RTL generation for module 'nios2_system_cpu_cpu'
Info: cpu:   Generation command is [exec C:/intelFPGA/18.1/quartus/bin64//eperlcmd.exe -I C:/intelFPGA/18.1/quartus/bin64//perl/lib -I C:/intelfpga/18.1/quartus/sopc_builder/bin/europa -I C:/intelfpga/18.1/quartus/sopc_builder/bin/perl_lib -I C:/intelfpga/18.1/quartus/sopc_builder/bin -I C:/intelfpga/18.1/quartus/../ip/altera/nios2_ip/altera_nios2_gen2/cpu_lib -I C:/intelfpga/18.1/quartus/../ip/altera/nios2_ip/altera_nios2_gen2/nios_lib -I C:/intelfpga/18.1/quartus/../ip/altera/nios2_ip/altera_nios2_gen2 -I C:/intelfpga/18.1/quartus/../ip/altera/nios2_ip/altera_nios2_gen2 -- C:/intelfpga/18.1/quartus/../ip/altera/nios2_ip/altera_nios2_gen2/generate_rtl.epl --name=nios2_system_cpu_cpu --dir=C:/Users/ylee903/AppData/Local/Temp/alt0305_3869621867154192689.dir/0014_cpu_gen/ --quartus_bindir=C:/intelFPGA/18.1/quartus/bin64/ --verilog --config=C:/Users/ylee903/AppData/Local/Temp/alt0305_3869621867154192689.dir/0014_cpu_gen//nios2_system_cpu_cpu_processor_configuration.pl  --do_build_sim=0  ]
Info: cpu: # 2025.08.06 10:57:55 (*) Starting Nios II generation
Info: cpu: # 2025.08.06 10:57:55 (*)   Checking for plaintext license.
Info: cpu: # 2025.08.06 10:57:56 (*)   Couldn't query license setup in Quartus directory C:/intelFPGA/18.1/quartus/bin64/
Info: cpu: # 2025.08.06 10:57:56 (*)   Defaulting to contents of LM_LICENSE_FILE environment variable
Info: cpu: # 2025.08.06 10:57:56 (*)   Plaintext license not found.
Info: cpu: # 2025.08.06 10:57:56 (*)   Checking for encrypted license (non-evaluation).
Info: cpu: # 2025.08.06 10:57:57 (*)   Couldn't query license setup in Quartus directory C:/intelFPGA/18.1/quartus/bin64/
Info: cpu: # 2025.08.06 10:57:57 (*)   Defaulting to contents of LM_LICENSE_FILE environment variable
Info: cpu: # 2025.08.06 10:57:57 (*)   Encrypted license found.  SOF will not be time-limited.
Info: cpu: # 2025.08.06 10:57:57 (*)   Elaborating CPU configuration settings
Info: cpu: # 2025.08.06 10:57:57 (*)   Creating all objects for CPU
Info: cpu: # 2025.08.06 10:57:57 (*)     Testbench
Info: cpu: # 2025.08.06 10:57:57 (*)     Instruction decoding
Info: cpu: # 2025.08.06 10:57:57 (*)       Instruction fields
Info: cpu: # 2025.08.06 10:57:57 (*)       Instruction decodes
Info: cpu: # 2025.08.06 10:57:57 (*)       Signals for RTL simulation waveforms
Info: cpu: # 2025.08.06 10:57:57 (*)       Instruction controls
Info: cpu: # 2025.08.06 10:57:57 (*)     Pipeline frontend
Info: cpu: # 2025.08.06 10:57:57 (*)     Pipeline backend
Info: cpu: # 2025.08.06 10:57:58 (*)   Generating RTL from CPU objects
Info: cpu: # 2025.08.06 10:57:59 (*)   Creating encrypted RTL
Info: cpu: # 2025.08.06 10:57:59 (*) Done Nios II generation
Info: cpu: Done RTL generation for module 'nios2_system_cpu_cpu'
Info: cpu: "cpu" instantiated altera_nios2_gen2_unit "cpu"
Info: sys_pll: "sdram_pll" instantiated altera_up_altpll "sys_pll"
Info: reset_from_locked: "sdram_pll" instantiated altera_up_avalon_reset_from_locked_signal "reset_from_locked"
Info: cpu_data_master_translator: "mm_interconnect_0" instantiated altera_merlin_master_translator "cpu_data_master_translator"
Info: jtag_uart_avalon_jtag_slave_translator: "mm_interconnect_0" instantiated altera_merlin_slave_translator "jtag_uart_avalon_jtag_slave_translator"
Info: cpu_data_master_agent: "mm_interconnect_0" instantiated altera_merlin_master_agent "cpu_data_master_agent"
Info: jtag_uart_avalon_jtag_slave_agent: "mm_interconnect_0" instantiated altera_merlin_slave_agent "jtag_uart_avalon_jtag_slave_agent"
Info: jtag_uart_avalon_jtag_slave_agent_rsp_fifo: "mm_interconnect_0" instantiated altera_avalon_sc_fifo "jtag_uart_avalon_jtag_slave_agent_rsp_fifo"
Info: router: "mm_interconnect_0" instantiated altera_merlin_router "router"
Info: router_001: "mm_interconnect_0" instantiated altera_merlin_router "router_001"
Info: router_002: "mm_interconnect_0" instantiated altera_merlin_router "router_002"
Info: router_004: "mm_interconnect_0" instantiated altera_merlin_router "router_004"
Info: router_005: "mm_interconnect_0" instantiated altera_merlin_router "router_005"
Info: cpu_data_master_limiter: "mm_interconnect_0" instantiated altera_merlin_traffic_limiter "cpu_data_master_limiter"
Info: Reusing file C:/Users/ylee903/CS303-Lab1/nios2_system/synthesis/submodules/altera_avalon_sc_fifo.v
Info: onchip_mem_s1_burst_adapter: "mm_interconnect_0" instantiated altera_merlin_burst_adapter "onchip_mem_s1_burst_adapter"
Info: Reusing file C:/Users/ylee903/CS303-Lab1/nios2_system/synthesis/submodules/altera_avalon_st_pipeline_base.v
Info: cmd_demux: "mm_interconnect_0" instantiated altera_merlin_demultiplexer "cmd_demux"
Info: cmd_demux_001: "mm_interconnect_0" instantiated altera_merlin_demultiplexer "cmd_demux_001"
Info: cmd_mux: "mm_interconnect_0" instantiated altera_merlin_multiplexer "cmd_mux"
Info: cmd_mux_002: "mm_interconnect_0" instantiated altera_merlin_multiplexer "cmd_mux_002"
Info: Reusing file C:/Users/ylee903/CS303-Lab1/nios2_system/synthesis/submodules/altera_merlin_arbitrator.sv
Info: rsp_demux: "mm_interconnect_0" instantiated altera_merlin_demultiplexer "rsp_demux"
Info: rsp_demux_002: "mm_interconnect_0" instantiated altera_merlin_demultiplexer "rsp_demux_002"
Info: rsp_mux: "mm_interconnect_0" instantiated altera_merlin_multiplexer "rsp_mux"
Info: Reusing file C:/Users/ylee903/CS303-Lab1/nios2_system/synthesis/submodules/altera_merlin_arbitrator.sv
Info: rsp_mux_001: "mm_interconnect_0" instantiated altera_merlin_multiplexer "rsp_mux_001"
Info: Reusing file C:/Users/ylee903/CS303-Lab1/nios2_system/synthesis/submodules/altera_merlin_arbitrator.sv
Info: onchip_mem_s1_rsp_width_adapter: "mm_interconnect_0" instantiated altera_merlin_width_adapter "onchip_mem_s1_rsp_width_adapter"
Info: Reusing file C:/Users/ylee903/CS303-Lab1/nios2_system/synthesis/submodules/altera_merlin_address_alignment.sv
Info: Reusing file C:/Users/ylee903/CS303-Lab1/nios2_system/synthesis/submodules/altera_merlin_burst_uncompressor.sv
Info: avalon_st_adapter: "mm_interconnect_0" instantiated altera_avalon_st_adapter "avalon_st_adapter"
Info: avalon_st_adapter_003: "mm_interconnect_0" instantiated altera_avalon_st_adapter "avalon_st_adapter_003"
Info: error_adapter_0: "avalon_st_adapter" instantiated error_adapter "error_adapter_0"
Info: error_adapter_0: "avalon_st_adapter_003" instantiated error_adapter "error_adapter_0"
Info: nios2_system: Done "nios2_system" with 44 modules, 72 files
Info: qsys-generate succeeded.
Info: Finished: Create HDL design files for synthesis
