17:31:14 **** Incremental Build of configuration Nios II for project niosproject2 ****
make all 
Info: Building ../niosproject2_bsp/
C:/intelFPGA/18.1/nios2eds/bin/gnu/H-x86_64-mingw32/bin/make --no-print-directory -C ../niosproject2_bsp/
[BSP build complete]
Info: Compiling Pacemaker_C.c to obj/default/Pacemaker_C.o
nios2-elf-gcc -xc -MP -MMD -c -I../niosproject2_bsp//HAL/inc -I../niosproject2_bsp/ -I../niosproject2_bsp//drivers/inc  -pipe -D__hal__ -DALT_NO_INSTRUCTION_EMULATION -DALT_SINGLE_THREADED    -O0 -g -Wall   -mno-hw-div -mhw-mul -mno-hw-mulx -mgpopt=global  -o obj/default/Pacemaker_C.o Pacemaker_C.c
Info: Compiling hello_world.c to obj/default/hello_world.o
nios2-elf-gcc -xc -MP -MMD -c -I../niosproject2_bsp//HAL/inc -I../niosproject2_bsp/ -I../niosproject2_bsp//drivers/inc  -pipe -D__hal__ -DALT_NO_INSTRUCTION_EMULATION -DALT_SINGLE_THREADED    -O0 -g -Wall   -mno-hw-div -mhw-mul -mno-hw-mulx -mgpopt=global  -o obj/default/hello_world.o hello_world.c
Info: Compiling main.c to obj/default/main.o
nios2-elf-gcc -xc -MP -MMD -c -I../niosproject2_bsp//HAL/inc -I../niosproject2_bsp/ -I../niosproject2_bsp//drivers/inc  -pipe -D__hal__ -DALT_NO_INSTRUCTION_EMULATION -DALT_SINGLE_THREADED    -O0 -g -Wall   -mno-hw-div -mhw-mul -mno-hw-mulx -mgpopt=global  -o obj/default/main.o main.c
main.c: In function 'handle_buttons_inputs_with_debug_SCCharts':
main.c:73:40: warning: format '%u' expects argument of type 'unsigned int', but argument 2 has type 'alt_u32 {aka long unsigned int}' [-Wformat=]
   if (as_pressed){ g_pm.AS = 1; printf("[BTN] AS pressed (KEY1) @ %ums\n", ms_now()); }
                                        ^
main.c:73:40: warning: format '%u' expects argument of type 'unsigned int', but argument 2 has type 'alt_u32 {aka long unsigned int}' [-Wformat=]
main.c:74:40: warning: format '%u' expects argument of type 'unsigned int', but argument 2 has type 'alt_u32 {aka long unsigned int}' [-Wformat=]
   if (vs_pressed){ g_pm.VS = 1; printf("[BTN] VS pressed (KEY0) @ %ums\n", ms_now()); }
                                        ^
main.c:74:40: warning: format '%u' expects argument of type 'unsigned int', but argument 2 has type 'alt_u32 {aka long unsigned int}' [-Wformat=]
main.c: In function 'heartbeat_stdout':
main.c:103:12: warning: format '%u' expects argument of type 'unsigned int', but argument 2 has type 'alt_u32 {aka long unsigned int}' [-Wformat=]
     printf("[HB] t=%ums\n", now);
            ^
main.c:103:12: warning: format '%u' expects argument of type 'unsigned int', but argument 2 has type 'alt_u32 {aka long unsigned int}' [-Wformat=]
main.c: In function 'main':
main.c:184:45: warning: format '%u' expects argument of type 'unsigned int', but argument 2 has type 'alt_u32 {aka long unsigned int}' [-Wformat=]
         if (as_pressed){ AS_raw = 1; printf("[BTN] AS pressed (KEY1) @ %ums\n", ms_now()); }
                                             ^
main.c:184:45: warning: format '%u' expects argument of type 'unsigned int', but argument 2 has type 'alt_u32 {aka long unsigned int}' [-Wformat=]
main.c:185:45: warning: format '%u' expects argument of type 'unsigned int', but argument 2 has type 'alt_u32 {aka long unsigned int}' [-Wformat=]
         if (vs_pressed){ VS_raw = 1; printf("[BTN] VS pressed (KEY0) @ %ums\n", ms_now()); }
                                             ^
main.c:185:45: warning: format '%u' expects argument of type 'unsigned int', but argument 2 has type 'alt_u32 {aka long unsigned int}' [-Wformat=]
Info: Linking niosproject2.elf
nios2-elf-g++  -T'../niosproject2_bsp//linker.x' -msys-crt0='../niosproject2_bsp//obj/HAL/src/crt0.o' -msys-lib=hal_bsp -L../niosproject2_bsp/   -Wl,-Map=niosproject2.map   -O0 -g -Wall   -mno-hw-div -mhw-mul -mno-hw-mulx -mgpopt=global  -o niosproject2.elf obj/default/Pacemaker.o obj/default/Pacemaker_C.o obj/default/hello_world.o obj/default/main.o -lm -msys-lib=m
nios2-elf-insert niosproject2.elf --thread_model hal --cpu_name cpu --qsys true --simulation_enabled false --stderr_dev jtag_uart --stdin_dev jtag_uart --stdout_dev jtag_uart --sopc_system_name nios2_system --quartus_project_dir "C:/Users/ylee903/Compsys-303/project/DE2-115" --sopcinfo C:/Users/ylee903/Compsys-303/project/DE2-115/software/niosproject2_bsp/../../nios2_system.sopcinfo
Info: (niosproject2.elf) 103 KBytes program size (code + initialized data).
Info:                    8081 KBytes free for stack + heap.
Info: Creating niosproject2.objdump
nios2-elf-objdump --disassemble --syms --all-header --source niosproject2.elf >niosproject2.objdump
[niosproject2 build complete]
17:33:20 **** Build of configuration Nios II for project niosproject2 ****
make all 
Info: Building ../niosproject2_bsp/
C:/intelFPGA/18.1/nios2eds/bin/gnu/H-x86_64-mingw32/bin/make --no-print-directory -C ../niosproject2_bsp/
[BSP build complete]
[niosproject2 build complete]
17:33:21 **** Incremental Build of configuration Nios II for project niosproject2 ****
make all 
Info: Building ../niosproject2_bsp/
C:/intelFPGA/18.1/nios2eds/bin/gnu/H-x86_64-mingw32/bin/make --no-print-directory -C ../niosproject2_bsp/
[BSP build complete]
[niosproject2 build complete]
17:38:56 **** Build of configuration Nios II for project niosproject2 ****
make all 
Info: Building ../niosproject2_bsp/
C:/intelFPGA/18.1/nios2eds/bin/gnu/H-x86_64-mingw32/bin/make --no-print-directory -C ../niosproject2_bsp/
[BSP build complete]
Info: Compiling Pacemaker_C.c to obj/default/Pacemaker_C.o
nios2-elf-gcc -xc -MP -MMD -c -I../niosproject2_bsp//HAL/inc -I../niosproject2_bsp/ -I../niosproject2_bsp//drivers/inc  -pipe -D__hal__ -DALT_NO_INSTRUCTION_EMULATION -DALT_SINGLE_THREADED    -O0 -g -Wall   -mno-hw-div -mhw-mul -mno-hw-mulx -mgpopt=global  -o obj/default/Pacemaker_C.o Pacemaker_C.c
Info: Linking niosproject2.elf
nios2-elf-g++  -T'../niosproject2_bsp//linker.x' -msys-crt0='../niosproject2_bsp//obj/HAL/src/crt0.o' -msys-lib=hal_bsp -L../niosproject2_bsp/   -Wl,-Map=niosproject2.map   -O0 -g -Wall   -mno-hw-div -mhw-mul -mno-hw-mulx -mgpopt=global  -o niosproject2.elf obj/default/Pacemaker.o obj/default/Pacemaker_C.o obj/default/hello_world.o obj/default/main.o -lm -msys-lib=m
nios2-elf-insert niosproject2.elf --thread_model hal --cpu_name cpu --qsys true --simulation_enabled false --stderr_dev jtag_uart --stdin_dev jtag_uart --stdout_dev jtag_uart --sopc_system_name nios2_system --quartus_project_dir "C:/Users/ylee903/Compsys-303/project/DE2-115" --sopcinfo C:/Users/ylee903/Compsys-303/project/DE2-115/software/niosproject2_bsp/../../nios2_system.sopcinfo
Info: (niosproject2.elf) 103 KBytes program size (code + initialized data).
Info:                    8081 KBytes free for stack + heap.
Info: Creating niosproject2.objdump
nios2-elf-objdump --disassemble --syms --all-header --source niosproject2.elf >niosproject2.objdump
[niosproject2 build complete]
17:38:59 **** Incremental Build of configuration Nios II for project niosproject2 ****
make all 
Info: Building ../niosproject2_bsp/
C:/intelFPGA/18.1/nios2eds/bin/gnu/H-x86_64-mingw32/bin/make --no-print-directory -C ../niosproject2_bsp/
[BSP build complete]
[niosproject2 build complete]
